[INFO]2024-11-19 16:18:46,654 data_integrate.py:568: [{'pod': 'adservice-5f6585d649-fnmft', 'alarm': [{'metric_type': 'MemoryUsageRate(%)', 'alarm_flag': True}]}, {'pod': 'frontend-579b9bff58-t2dbm', 'alarm': [{'metric_type': 'CpuUsageRate(%)', 'alarm_flag': True}]}]
[INFO]2024-11-19 16:19:01,632 data_integrate.py:629: Data Integrate Complete!
[INFO]2024-11-19 16:19:08,822 data_integrate.py:568: [{'pod': 'adservice-5f6585d649-fnmft', 'alarm': [{'metric_type': 'MemoryUsageRate(%)', 'alarm_flag': True}]}, {'pod': 'frontend-579b9bff58-t2dbm', 'alarm': [{'metric_type': 'CpuUsageRate(%)', 'alarm_flag': True}]}]
[INFO]2024-11-19 16:19:18,736 data_integrate.py:629: Data Integrate Complete!
[INFO]2024-11-19 16:19:23,524 data_integrate.py:568: [{'pod': 'adservice-5f6585d649-fnmft', 'alarm': [{'metric_type': 'MemoryUsageRate(%)', 'alarm_flag': True}]}]
[INFO]2024-11-19 16:19:31,424 data_integrate.py:629: Data Integrate Complete!
[INFO]2024-11-19 16:19:37,127 data_integrate.py:568: [{'pod': 'adservice-5f6585d649-fnmft', 'alarm': [{'metric_type': 'MemoryUsageRate(%)', 'alarm_flag': True}]}]
[INFO]2024-11-19 16:19:46,513 data_integrate.py:629: Data Integrate Complete!
[INFO]2024-11-19 16:19:54,607 data_integrate.py:568: [{'pod': 'adservice-5f6585d649-fnmft', 'alarm': [{'metric_type': 'MemoryUsageRate(%)', 'alarm_flag': True}]}, {'pod': 'frontend-579b9bff58-t2dbm', 'alarm': [{'metric_type': 'CpuUsageRate(%)', 'alarm_flag': True}]}]
[INFO]2024-11-19 16:20:06,471 data_integrate.py:629: Data Integrate Complete!
[INFO]2024-11-19 16:20:13,768 data_integrate.py:568: [{'pod': 'adservice-5f6585d649-fnmft', 'alarm': [{'metric_type': 'MemoryUsageRate(%)', 'alarm_flag': True}]}, {'pod': 'frontend-579b9bff58-t2dbm', 'alarm': [{'metric_type': 'CpuUsageRate(%)', 'alarm_flag': True}]}]
[INFO]2024-11-19 16:20:24,704 data_integrate.py:629: Data Integrate Complete!
[INFO]2024-11-19 16:20:34,898 data_integrate.py:568: [{'pod': 'adservice-5f6585d649-fnmft', 'alarm': [{'metric_type': 'MemoryUsageRate(%)', 'alarm_flag': True}]}]
[INFO]2024-11-19 16:20:50,432 data_integrate.py:629: Data Integrate Complete!
[INFO]2024-11-19 16:21:00,329 data_integrate.py:568: [{'pod': 'adservice-5f6585d649-fnmft', 'alarm': [{'metric_type': 'MemoryUsageRate(%)', 'alarm_flag': True}]}]
[INFO]2024-11-19 16:21:15,795 data_integrate.py:629: Data Integrate Complete!
[INFO]2024-11-19 16:21:24,958 data_integrate.py:568: [{'pod': 'adservice-5f6585d649-fnmft', 'alarm': [{'metric_type': 'MemoryUsageRate(%)', 'alarm_flag': True}]}, {'pod': 'cartservice-579f59597d-wc2lz', 'alarm': [{'metric_type': 'NetworkP90(ms)', 'alarm_flag': True}]}]
[INFO]2024-11-19 16:21:38,937 data_integrate.py:629: Data Integrate Complete!
[INFO]2024-11-19 16:21:47,972 data_integrate.py:568: [{'pod': 'adservice-5f6585d649-fnmft', 'alarm': [{'metric_type': 'MemoryUsageRate(%)', 'alarm_flag': True}]}, {'pod': 'cartservice-579f59597d-wc2lz', 'alarm': [{'metric_type': 'NetworkP90(ms)', 'alarm_flag': True}]}]
[INFO]2024-11-19 16:22:01,622 data_integrate.py:629: Data Integrate Complete!
[INFO]2024-11-19 16:22:11,523 data_integrate.py:568: [{'pod': 'adservice-5f6585d649-fnmft', 'alarm': [{'metric_type': 'MemoryUsageRate(%)', 'alarm_flag': True}]}, {'pod': 'cartservice-579f59597d-wc2lz', 'alarm': [{'metric_type': 'CpuUsageRate(%)', 'alarm_flag': True}]}]
[INFO]2024-11-19 16:22:27,085 data_integrate.py:629: Data Integrate Complete!
[INFO]2024-11-19 16:22:37,087 data_integrate.py:568: [{'pod': 'adservice-5f6585d649-fnmft', 'alarm': [{'metric_type': 'MemoryUsageRate(%)', 'alarm_flag': True}]}, {'pod': 'cartservice-579f59597d-wc2lz', 'alarm': [{'metric_type': 'CpuUsageRate(%)', 'alarm_flag': True}]}]
[INFO]2024-11-19 16:22:52,837 data_integrate.py:629: Data Integrate Complete!
[INFO]2024-11-19 16:23:02,012 data_integrate.py:568: [{'pod': 'adservice-5f6585d649-fnmft', 'alarm': [{'metric_type': 'MemoryUsageRate(%)', 'alarm_flag': True}]}, {'pod': 'checkoutservice-578fcf4766-9csqn', 'alarm': [{'metric_type': 'CpuUsageRate(%)', 'alarm_flag': True}]}, {'pod': 'paymentservice-9cdb6588f-554sm', 'alarm': [{'metric_type': 'NetworkP90(ms)', 'alarm_flag': True}]}]
[INFO]2024-11-19 16:23:15,953 data_integrate.py:629: Data Integrate Complete!
[INFO]2024-11-19 16:23:25,720 data_integrate.py:568: [{'pod': 'adservice-5f6585d649-fnmft', 'alarm': [{'metric_type': 'MemoryUsageRate(%)', 'alarm_flag': True}]}, {'pod': 'checkoutservice-578fcf4766-9csqn', 'alarm': [{'metric_type': 'CpuUsageRate(%)', 'alarm_flag': True}]}]
[INFO]2024-11-19 16:23:41,040 data_integrate.py:629: Data Integrate Complete!
[INFO]2024-11-19 16:23:51,638 data_integrate.py:568: [{'pod': 'adservice-5f6585d649-fnmft', 'alarm': [{'metric_type': 'MemoryUsageRate(%)', 'alarm_flag': True}]}, {'pod': 'checkoutservice-578fcf4766-9csqn', 'alarm': [{'metric_type': 'NetworkP90(ms)', 'alarm_flag': True}]}]
[INFO]2024-11-19 16:24:07,817 data_integrate.py:629: Data Integrate Complete!
[INFO]2024-11-19 16:24:18,488 data_integrate.py:568: [{'pod': 'adservice-5f6585d649-fnmft', 'alarm': [{'metric_type': 'MemoryUsageRate(%)', 'alarm_flag': True}]}, {'pod': 'checkoutservice-578fcf4766-9csqn', 'alarm': [{'metric_type': 'NetworkP90(ms)', 'alarm_flag': True}]}]
[INFO]2024-11-19 16:24:35,029 data_integrate.py:629: Data Integrate Complete!
[INFO]2024-11-19 16:24:45,814 data_integrate.py:568: [{'pod': 'adservice-5f6585d649-fnmft', 'alarm': [{'metric_type': 'MemoryUsageRate(%)', 'alarm_flag': True}]}]
[INFO]2024-11-19 16:25:02,806 data_integrate.py:629: Data Integrate Complete!
[INFO]2024-11-19 16:25:13,128 data_integrate.py:568: [{'pod': 'adservice-5f6585d649-fnmft', 'alarm': [{'metric_type': 'MemoryUsageRate(%)', 'alarm_flag': True}]}, {'pod': 'currencyservice-cf787dd48-vpjrd', 'alarm': [{'metric_type': 'CpuUsageRate(%)', 'alarm_flag': True}]}]
[INFO]2024-11-19 16:25:29,596 data_integrate.py:629: Data Integrate Complete!
[INFO]2024-11-19 16:25:39,351 data_integrate.py:568: [{'pod': 'adservice-5f6585d649-fnmft', 'alarm': [{'metric_type': 'MemoryUsageRate(%)', 'alarm_flag': True}]}]
[INFO]2024-11-19 16:25:54,433 data_integrate.py:629: Data Integrate Complete!
[INFO]2024-11-19 16:26:04,461 data_integrate.py:568: [{'pod': 'adservice-5f6585d649-fnmft', 'alarm': [{'metric_type': 'MemoryUsageRate(%)', 'alarm_flag': True}]}]
[INFO]2024-11-19 16:26:20,366 data_integrate.py:629: Data Integrate Complete!
[INFO]2024-11-19 16:26:23,122 data_integrate.py:568: [{'pod': 'adservice-5f6585d649-fnmft', 'alarm': [{'metric_type': 'MemoryUsageRate(%)', 'alarm_flag': True}]}, {'pod': 'currencyservice-cf787dd48-vpjrd', 'alarm': [{'metric_type': 'CpuUsageRate(%)', 'alarm_flag': True}]}]
[INFO]2024-11-19 16:26:26,795 data_integrate.py:629: Data Integrate Complete!
[INFO]2024-11-19 16:26:28,996 data_integrate.py:568: [{'pod': 'adservice-5f6585d649-fnmft', 'alarm': [{'metric_type': 'MemoryUsageRate(%)', 'alarm_flag': True}]}, {'pod': 'currencyservice-cf787dd48-vpjrd', 'alarm': [{'metric_type': 'CpuUsageRate(%)', 'alarm_flag': True}]}]
[INFO]2024-11-19 16:26:31,942 data_integrate.py:629: Data Integrate Complete!
[INFO]2024-11-19 16:26:37,788 data_integrate.py:568: [{'pod': 'adservice-5f6585d649-fnmft', 'alarm': [{'metric_type': 'MemoryUsageRate(%)', 'alarm_flag': True}]}, {'pod': 'currencyservice-cf787dd48-vpjrd', 'alarm': [{'metric_type': 'NetworkP90(ms)', 'alarm_flag': True}]}]
[INFO]2024-11-19 16:26:46,619 data_integrate.py:629: Data Integrate Complete!
[INFO]2024-11-19 16:26:52,563 data_integrate.py:568: [{'pod': 'adservice-5f6585d649-fnmft', 'alarm': [{'metric_type': 'MemoryUsageRate(%)', 'alarm_flag': True}]}, {'pod': 'currencyservice-cf787dd48-vpjrd', 'alarm': [{'metric_type': 'NetworkP90(ms)', 'alarm_flag': True}]}]
[INFO]2024-11-19 16:27:01,271 data_integrate.py:629: Data Integrate Complete!
[INFO]2024-11-19 16:27:11,452 data_integrate.py:568: [{'pod': 'adservice-5f6585d649-fnmft', 'alarm': [{'metric_type': 'MemoryUsageRate(%)', 'alarm_flag': True}]}, {'pod': 'emailservice-55fdc5b988-f6xth', 'alarm': [{'metric_type': 'CpuUsageRate(%)', 'alarm_flag': True}]}]
[INFO]2024-11-19 16:27:27,216 data_integrate.py:629: Data Integrate Complete!
[INFO]2024-11-19 16:27:37,515 data_integrate.py:568: [{'pod': 'adservice-5f6585d649-fnmft', 'alarm': [{'metric_type': 'MemoryUsageRate(%)', 'alarm_flag': True}]}, {'pod': 'emailservice-55fdc5b988-f6xth', 'alarm': [{'metric_type': 'CpuUsageRate(%)', 'alarm_flag': True}]}]
[INFO]2024-11-19 16:27:53,502 data_integrate.py:629: Data Integrate Complete!
[INFO]2024-11-19 16:28:03,455 data_integrate.py:568: [{'pod': 'adservice-5f6585d649-fnmft', 'alarm': [{'metric_type': 'MemoryUsageRate(%)', 'alarm_flag': True}]}, {'pod': 'emailservice-55fdc5b988-f6xth', 'alarm': [{'metric_type': 'NetworkP90(ms)', 'alarm_flag': True}]}]
[INFO]2024-11-19 16:28:18,397 data_integrate.py:629: Data Integrate Complete!
[INFO]2024-11-19 16:28:28,421 data_integrate.py:568: [{'pod': 'adservice-5f6585d649-fnmft', 'alarm': [{'metric_type': 'MemoryUsageRate(%)', 'alarm_flag': True}]}, {'pod': 'emailservice-55fdc5b988-f6xth', 'alarm': [{'metric_type': 'NetworkP90(ms)', 'alarm_flag': True}]}]
[INFO]2024-11-19 16:28:43,971 data_integrate.py:629: Data Integrate Complete!
[INFO]2024-11-19 16:28:53,505 data_integrate.py:568: [{'pod': 'adservice-5f6585d649-fnmft', 'alarm': [{'metric_type': 'MemoryUsageRate(%)', 'alarm_flag': True}]}, {'pod': 'paymentservice-9cdb6588f-554sm', 'alarm': [{'metric_type': 'NetworkP90(ms)', 'alarm_flag': True}]}]
[INFO]2024-11-19 16:29:08,411 data_integrate.py:629: Data Integrate Complete!
[INFO]2024-11-19 16:29:18,697 data_integrate.py:568: [{'pod': 'adservice-5f6585d649-fnmft', 'alarm': [{'metric_type': 'MemoryUsageRate(%)', 'alarm_flag': True}]}, {'pod': 'paymentservice-9cdb6588f-554sm', 'alarm': [{'metric_type': 'NetworkP90(ms)', 'alarm_flag': True}]}]
[INFO]2024-11-19 16:29:35,049 data_integrate.py:629: Data Integrate Complete!
[INFO]2024-11-19 16:29:45,414 data_integrate.py:568: [{'pod': 'adservice-5f6585d649-fnmft', 'alarm': [{'metric_type': 'MemoryUsageRate(%)', 'alarm_flag': True}]}, {'pod': 'paymentservice-9cdb6588f-554sm', 'alarm': [{'metric_type': 'CpuUsageRate(%)', 'alarm_flag': True}]}]
[INFO]2024-11-19 16:30:02,098 data_integrate.py:629: Data Integrate Complete!
[INFO]2024-11-19 16:30:12,247 data_integrate.py:568: [{'pod': 'adservice-5f6585d649-fnmft', 'alarm': [{'metric_type': 'MemoryUsageRate(%)', 'alarm_flag': True}]}, {'pod': 'paymentservice-9cdb6588f-554sm', 'alarm': [{'metric_type': 'CpuUsageRate(%)', 'alarm_flag': True}]}]
[INFO]2024-11-19 16:30:27,596 data_integrate.py:629: Data Integrate Complete!
[INFO]2024-11-19 16:30:36,426 data_integrate.py:568: [{'pod': 'adservice-5f6585d649-fnmft', 'alarm': [{'metric_type': 'MemoryUsageRate(%)', 'alarm_flag': True}]}, {'pod': 'productcatalogservice-668d5f85fb-wckp8', 'alarm': [{'metric_type': 'CpuUsageRate(%)', 'alarm_flag': True}]}]
[INFO]2024-11-19 16:30:50,401 data_integrate.py:629: Data Integrate Complete!
[INFO]2024-11-19 16:30:58,757 data_integrate.py:568: [{'pod': 'adservice-5f6585d649-fnmft', 'alarm': [{'metric_type': 'MemoryUsageRate(%)', 'alarm_flag': True}]}, {'pod': 'productcatalogservice-668d5f85fb-wckp8', 'alarm': [{'metric_type': 'CpuUsageRate(%)', 'alarm_flag': True}]}]
[INFO]2024-11-19 16:31:11,524 data_integrate.py:629: Data Integrate Complete!
[INFO]2024-11-19 16:31:20,805 data_integrate.py:568: [{'pod': 'adservice-5f6585d649-fnmft', 'alarm': [{'metric_type': 'MemoryUsageRate(%)', 'alarm_flag': True}]}, {'pod': 'recommendationservice-6cfdd55578-gfj6q', 'alarm': [{'metric_type': 'NetworkP90(ms)', 'alarm_flag': True}]}]
[INFO]2024-11-19 16:31:34,801 data_integrate.py:629: Data Integrate Complete!
[INFO]2024-11-19 16:31:43,199 data_integrate.py:568: [{'pod': 'adservice-5f6585d649-fnmft', 'alarm': [{'metric_type': 'MemoryUsageRate(%)', 'alarm_flag': True}]}, {'pod': 'recommendationservice-6cfdd55578-gfj6q', 'alarm': [{'metric_type': 'NetworkP90(ms)', 'alarm_flag': True}]}]
[INFO]2024-11-19 16:31:55,934 data_integrate.py:629: Data Integrate Complete!
[INFO]2024-11-19 16:32:04,392 data_integrate.py:568: [{'pod': 'adservice-5f6585d649-fnmft', 'alarm': [{'metric_type': 'MemoryUsageRate(%)', 'alarm_flag': True}]}, {'pod': 'recommendationservice-6cfdd55578-gfj6q', 'alarm': [{'metric_type': 'CpuUsageRate(%)', 'alarm_flag': True}]}]
[INFO]2024-11-19 16:32:17,196 data_integrate.py:629: Data Integrate Complete!
[INFO]2024-11-19 16:32:25,318 data_integrate.py:568: [{'pod': 'adservice-5f6585d649-fnmft', 'alarm': [{'metric_type': 'MemoryUsageRate(%)', 'alarm_flag': True}]}, {'pod': 'recommendationservice-6cfdd55578-gfj6q', 'alarm': [{'metric_type': 'CpuUsageRate(%)', 'alarm_flag': True}]}]
[INFO]2024-11-19 16:32:38,474 data_integrate.py:629: Data Integrate Complete!
[INFO]2024-11-19 16:32:43,438 data_integrate.py:568: [{'pod': 'adservice-5f6585d649-fnmft', 'alarm': [{'metric_type': 'MemoryUsageRate(%)', 'alarm_flag': True}]}, {'pod': 'recommendationservice-6cfdd55578-gfj6q', 'alarm': [{'metric_type': 'CpuUsageRate(%)', 'alarm_flag': True}]}]
[INFO]2024-11-19 16:32:50,250 data_integrate.py:629: Data Integrate Complete!
[INFO]2024-11-19 16:32:55,554 data_integrate.py:568: [{'pod': 'adservice-5f6585d649-fnmft', 'alarm': [{'metric_type': 'MemoryUsageRate(%)', 'alarm_flag': True}]}, {'pod': 'recommendationservice-6cfdd55578-gfj6q', 'alarm': [{'metric_type': 'CpuUsageRate(%)', 'alarm_flag': True}]}]
[INFO]2024-11-19 16:33:03,504 data_integrate.py:629: Data Integrate Complete!
[INFO]2024-11-19 16:33:13,091 data_integrate.py:568: [{'pod': 'adservice-5f6585d649-fnmft', 'alarm': [{'metric_type': 'MemoryUsageRate(%)', 'alarm_flag': True}]}, {'pod': 'shippingservice-7b598fc7d-lmggd', 'alarm': [{'metric_type': 'NetworkP90(ms)', 'alarm_flag': True}]}]
[INFO]2024-11-19 16:33:27,146 data_integrate.py:629: Data Integrate Complete!
[INFO]2024-11-19 16:33:36,704 data_integrate.py:568: [{'pod': 'adservice-5f6585d649-fnmft', 'alarm': [{'metric_type': 'MemoryUsageRate(%)', 'alarm_flag': True}]}, {'pod': 'shippingservice-7b598fc7d-lmggd', 'alarm': [{'metric_type': 'NetworkP90(ms)', 'alarm_flag': True}]}]
[INFO]2024-11-19 16:33:51,314 data_integrate.py:629: Data Integrate Complete!
[INFO]2024-11-19 16:34:00,886 data_integrate.py:568: [{'pod': 'adservice-5f6585d649-fnmft', 'alarm': [{'metric_type': 'MemoryUsageRate(%)', 'alarm_flag': True}]}, {'pod': 'shippingservice-7b598fc7d-lmggd', 'alarm': [{'metric_type': 'CpuUsageRate(%)', 'alarm_flag': True}]}]
[INFO]2024-11-19 16:34:16,012 data_integrate.py:629: Data Integrate Complete!
[INFO]2024-11-19 16:34:25,546 data_integrate.py:568: [{'pod': 'adservice-5f6585d649-fnmft', 'alarm': [{'metric_type': 'MemoryUsageRate(%)', 'alarm_flag': True}]}, {'pod': 'shippingservice-7b598fc7d-lmggd', 'alarm': [{'metric_type': 'CpuUsageRate(%)', 'alarm_flag': True}]}]
[INFO]2024-11-19 16:34:41,346 data_integrate.py:629: Data Integrate Complete!
[INFO]2024-11-19 16:34:51,177 data_integrate.py:568: [{'pod': 'adservice-5f6585d649-fnmft', 'alarm': [{'metric_type': 'MemoryUsageRate(%)', 'alarm_flag': True}]}]
[INFO]2024-11-19 16:35:06,547 data_integrate.py:629: Data Integrate Complete!
[INFO]2024-11-19 16:35:16,957 data_integrate.py:568: [{'pod': 'adservice-5f6585d649-fnmft', 'alarm': [{'metric_type': 'MemoryUsageRate(%)', 'alarm_flag': True}]}]
[INFO]2024-11-19 16:35:32,519 data_integrate.py:629: Data Integrate Complete!
[INFO]2024-11-19 16:35:42,600 data_integrate.py:568: [{'pod': 'adservice-5f6585d649-fnmft', 'alarm': [{'metric_type': 'MemoryUsageRate(%)', 'alarm_flag': True}]}]
[INFO]2024-11-19 16:35:57,903 data_integrate.py:629: Data Integrate Complete!
[INFO]2024-11-19 16:36:07,380 data_integrate.py:568: [{'pod': 'adservice-5f6585d649-fnmft', 'alarm': [{'metric_type': 'MemoryUsageRate(%)', 'alarm_flag': True}]}]
[INFO]2024-11-19 16:36:22,395 data_integrate.py:629: Data Integrate Complete!
[INFO]2024-11-19 16:36:29,847 data_integrate.py:568: [{'pod': 'adservice-5f6585d649-fnmft', 'alarm': [{'metric_type': 'MemoryUsageRate(%)', 'alarm_flag': True}]}, {'pod': 'frontend-579b9bff58-t2dbm', 'alarm': [{'metric_type': 'CpuUsageRate(%)', 'alarm_flag': True}]}]
[INFO]2024-11-19 16:36:40,707 data_integrate.py:629: Data Integrate Complete!
[INFO]2024-11-19 16:36:48,012 data_integrate.py:568: [{'pod': 'adservice-5f6585d649-fnmft', 'alarm': [{'metric_type': 'MemoryUsageRate(%)', 'alarm_flag': True}]}, {'pod': 'frontend-579b9bff58-t2dbm', 'alarm': [{'metric_type': 'CpuUsageRate(%)', 'alarm_flag': True}]}]
[INFO]2024-11-19 16:36:58,652 data_integrate.py:629: Data Integrate Complete!
[INFO]2024-11-19 16:37:03,682 data_integrate.py:568: [{'pod': 'adservice-5f6585d649-fnmft', 'alarm': [{'metric_type': 'MemoryUsageRate(%)', 'alarm_flag': True}]}]
[INFO]2024-11-19 16:37:12,257 data_integrate.py:629: Data Integrate Complete!
[INFO]2024-11-19 16:37:17,502 data_integrate.py:568: [{'pod': 'adservice-5f6585d649-fnmft', 'alarm': [{'metric_type': 'MemoryUsageRate(%)', 'alarm_flag': True}]}]
[INFO]2024-11-19 16:37:27,208 data_integrate.py:629: Data Integrate Complete!
[INFO]2024-11-19 16:37:35,429 data_integrate.py:568: [{'pod': 'adservice-5f6585d649-fnmft', 'alarm': [{'metric_type': 'MemoryUsageRate(%)', 'alarm_flag': True}]}, {'pod': 'frontend-579b9bff58-t2dbm', 'alarm': [{'metric_type': 'CpuUsageRate(%)', 'alarm_flag': True}]}]
[INFO]2024-11-19 16:37:47,632 data_integrate.py:629: Data Integrate Complete!
[INFO]2024-11-19 16:37:55,883 data_integrate.py:568: [{'pod': 'adservice-5f6585d649-fnmft', 'alarm': [{'metric_type': 'MemoryUsageRate(%)', 'alarm_flag': True}]}, {'pod': 'frontend-579b9bff58-t2dbm', 'alarm': [{'metric_type': 'CpuUsageRate(%)', 'alarm_flag': True}]}]
[INFO]2024-11-19 16:38:08,113 data_integrate.py:629: Data Integrate Complete!
[INFO]2024-11-19 16:38:18,285 data_integrate.py:568: [{'pod': 'adservice-5f6585d649-fnmft', 'alarm': [{'metric_type': 'MemoryUsageRate(%)', 'alarm_flag': True}]}]
[INFO]2024-11-19 16:38:34,150 data_integrate.py:629: Data Integrate Complete!
[INFO]2024-11-19 16:38:44,238 data_integrate.py:568: [{'pod': 'adservice-5f6585d649-fnmft', 'alarm': [{'metric_type': 'MemoryUsageRate(%)', 'alarm_flag': True}]}]
[INFO]2024-11-19 16:38:59,963 data_integrate.py:629: Data Integrate Complete!
[INFO]2024-11-19 16:39:10,602 data_integrate.py:568: [{'pod': 'adservice-5f6585d649-fnmft', 'alarm': [{'metric_type': 'MemoryUsageRate(%)', 'alarm_flag': True}]}, {'pod': 'cartservice-579f59597d-wc2lz', 'alarm': [{'metric_type': 'NetworkP90(ms)', 'alarm_flag': True}]}]
[INFO]2024-11-19 16:39:27,121 data_integrate.py:629: Data Integrate Complete!
[INFO]2024-11-19 16:39:37,223 data_integrate.py:568: [{'pod': 'adservice-5f6585d649-fnmft', 'alarm': [{'metric_type': 'MemoryUsageRate(%)', 'alarm_flag': True}]}, {'pod': 'cartservice-579f59597d-wc2lz', 'alarm': [{'metric_type': 'NetworkP90(ms)', 'alarm_flag': True}]}]
[INFO]2024-11-19 16:39:52,083 data_integrate.py:629: Data Integrate Complete!
[INFO]2024-11-19 16:40:02,513 data_integrate.py:568: [{'pod': 'adservice-5f6585d649-fnmft', 'alarm': [{'metric_type': 'MemoryUsageRate(%)', 'alarm_flag': True}]}, {'pod': 'cartservice-579f59597d-wc2lz', 'alarm': [{'metric_type': 'CpuUsageRate(%)', 'alarm_flag': True}]}]
[INFO]2024-11-19 16:40:19,750 data_integrate.py:629: Data Integrate Complete!
[INFO]2024-11-19 16:40:29,821 data_integrate.py:568: [{'pod': 'adservice-5f6585d649-fnmft', 'alarm': [{'metric_type': 'MemoryUsageRate(%)', 'alarm_flag': True}]}, {'pod': 'cartservice-579f59597d-wc2lz', 'alarm': [{'metric_type': 'CpuUsageRate(%)', 'alarm_flag': True}]}]
[INFO]2024-11-19 16:40:45,319 data_integrate.py:629: Data Integrate Complete!
[INFO]2024-11-19 16:40:55,966 data_integrate.py:568: [{'pod': 'adservice-5f6585d649-fnmft', 'alarm': [{'metric_type': 'MemoryUsageRate(%)', 'alarm_flag': True}]}, {'pod': 'checkoutservice-578fcf4766-9csqn', 'alarm': [{'metric_type': 'NetworkP90(ms)', 'alarm_flag': True}]}]
[INFO]2024-11-19 16:41:11,774 data_integrate.py:629: Data Integrate Complete!
[INFO]2024-11-19 16:41:21,870 data_integrate.py:568: [{'pod': 'adservice-5f6585d649-fnmft', 'alarm': [{'metric_type': 'MemoryUsageRate(%)', 'alarm_flag': True}]}, {'pod': 'checkoutservice-578fcf4766-9csqn', 'alarm': [{'metric_type': 'NetworkP90(ms)', 'alarm_flag': True}]}]
[INFO]2024-11-19 16:41:37,222 data_integrate.py:629: Data Integrate Complete!
[INFO]2024-11-19 16:41:47,467 data_integrate.py:568: [{'pod': 'adservice-5f6585d649-fnmft', 'alarm': [{'metric_type': 'MemoryUsageRate(%)', 'alarm_flag': True}]}]
[INFO]2024-11-19 16:42:03,262 data_integrate.py:629: Data Integrate Complete!
[INFO]2024-11-19 16:42:13,792 data_integrate.py:568: [{'pod': 'adservice-5f6585d649-fnmft', 'alarm': [{'metric_type': 'MemoryUsageRate(%)', 'alarm_flag': True}]}]
[INFO]2024-11-19 16:42:30,044 data_integrate.py:629: Data Integrate Complete!
[INFO]2024-11-19 16:42:40,002 data_integrate.py:568: [{'pod': 'adservice-5f6585d649-fnmft', 'alarm': [{'metric_type': 'MemoryUsageRate(%)', 'alarm_flag': True}]}]
[INFO]2024-11-19 16:42:55,611 data_integrate.py:629: Data Integrate Complete!
[INFO]2024-11-19 16:43:06,223 data_integrate.py:568: [{'pod': 'adservice-5f6585d649-fnmft', 'alarm': [{'metric_type': 'MemoryUsageRate(%)', 'alarm_flag': True}]}]
[INFO]2024-11-19 16:43:22,518 data_integrate.py:629: Data Integrate Complete!
[INFO]2024-11-19 16:43:33,405 data_integrate.py:568: [{'pod': 'adservice-5f6585d649-fnmft', 'alarm': [{'metric_type': 'MemoryUsageRate(%)', 'alarm_flag': True}]}, {'pod': 'checkoutservice-578fcf4766-9csqn', 'alarm': [{'metric_type': 'CpuUsageRate(%)', 'alarm_flag': True}]}]
[INFO]2024-11-19 16:43:51,376 data_integrate.py:629: Data Integrate Complete!
[INFO]2024-11-19 16:44:01,557 data_integrate.py:568: [{'pod': 'adservice-5f6585d649-fnmft', 'alarm': [{'metric_type': 'MemoryUsageRate(%)', 'alarm_flag': True}]}, {'pod': 'checkoutservice-578fcf4766-9csqn', 'alarm': [{'metric_type': 'CpuUsageRate(%)', 'alarm_flag': True}]}]
[INFO]2024-11-19 16:44:17,118 data_integrate.py:629: Data Integrate Complete!
[INFO]2024-11-19 16:44:24,459 data_integrate.py:568: [{'pod': 'adservice-5f6585d649-fnmft', 'alarm': [{'metric_type': 'MemoryUsageRate(%)', 'alarm_flag': True}]}, {'pod': 'currencyservice-cf787dd48-vpjrd', 'alarm': [{'metric_type': 'CpuUsageRate(%)', 'alarm_flag': True}]}]
[INFO]2024-11-19 16:44:35,556 data_integrate.py:629: Data Integrate Complete!
[INFO]2024-11-19 16:44:38,335 data_integrate.py:568: [{'pod': 'adservice-5f6585d649-fnmft', 'alarm': [{'metric_type': 'MemoryUsageRate(%)', 'alarm_flag': True}]}, {'pod': 'currencyservice-cf787dd48-vpjrd', 'alarm': [{'metric_type': 'CpuUsageRate(%)', 'alarm_flag': True}]}]
[INFO]2024-11-19 16:44:42,219 data_integrate.py:629: Data Integrate Complete!
[INFO]2024-11-19 16:44:48,957 data_integrate.py:568: [{'pod': 'adservice-5f6585d649-fnmft', 'alarm': [{'metric_type': 'MemoryUsageRate(%)', 'alarm_flag': True}]}, {'pod': 'currencyservice-cf787dd48-vpjrd', 'alarm': [{'metric_type': 'NetworkP90(ms)', 'alarm_flag': True}]}]
[INFO]2024-11-19 16:44:58,608 data_integrate.py:629: Data Integrate Complete!
[INFO]2024-11-19 16:45:05,030 data_integrate.py:568: [{'pod': 'adservice-5f6585d649-fnmft', 'alarm': [{'metric_type': 'MemoryUsageRate(%)', 'alarm_flag': True}]}, {'pod': 'currencyservice-cf787dd48-vpjrd', 'alarm': [{'metric_type': 'NetworkP90(ms)', 'alarm_flag': True}]}]
[INFO]2024-11-19 16:45:14,391 data_integrate.py:629: Data Integrate Complete!
[INFO]2024-11-19 16:45:24,419 data_integrate.py:568: [{'pod': 'adservice-5f6585d649-fnmft', 'alarm': [{'metric_type': 'MemoryUsageRate(%)', 'alarm_flag': True}]}]
[INFO]2024-11-19 16:45:39,521 data_integrate.py:629: Data Integrate Complete!
[INFO]2024-11-19 16:45:50,208 data_integrate.py:568: [{'pod': 'adservice-5f6585d649-fnmft', 'alarm': [{'metric_type': 'MemoryUsageRate(%)', 'alarm_flag': True}]}, {'pod': 'emailservice-55fdc5b988-f6xth', 'alarm': [{'metric_type': 'CpuUsageRate(%)', 'alarm_flag': True}]}]
[INFO]2024-11-19 16:46:06,254 data_integrate.py:629: Data Integrate Complete!
[INFO]2024-11-19 16:46:16,505 data_integrate.py:568: [{'pod': 'adservice-5f6585d649-fnmft', 'alarm': [{'metric_type': 'MemoryUsageRate(%)', 'alarm_flag': True}]}, {'pod': 'emailservice-55fdc5b988-f6xth', 'alarm': [{'metric_type': 'NetworkP90(ms)', 'alarm_flag': True}]}]
[INFO]2024-11-19 16:46:32,712 data_integrate.py:629: Data Integrate Complete!
[INFO]2024-11-19 16:46:43,289 data_integrate.py:568: [{'pod': 'adservice-5f6585d649-fnmft', 'alarm': [{'metric_type': 'MemoryUsageRate(%)', 'alarm_flag': True}]}, {'pod': 'emailservice-55fdc5b988-f6xth', 'alarm': [{'metric_type': 'NetworkP90(ms)', 'alarm_flag': True}]}]
[INFO]2024-11-19 16:47:00,044 data_integrate.py:629: Data Integrate Complete!
[INFO]2024-11-19 16:47:10,714 data_integrate.py:568: [{'pod': 'adservice-5f6585d649-fnmft', 'alarm': [{'metric_type': 'MemoryUsageRate(%)', 'alarm_flag': True}]}, {'pod': 'emailservice-55fdc5b988-f6xth', 'alarm': [{'metric_type': 'CpuUsageRate(%)', 'alarm_flag': True}]}]
[INFO]2024-11-19 16:47:26,833 data_integrate.py:629: Data Integrate Complete!
[INFO]2024-11-19 16:47:37,989 data_integrate.py:568: [{'pod': 'adservice-5f6585d649-fnmft', 'alarm': [{'metric_type': 'MemoryUsageRate(%)', 'alarm_flag': True}]}, {'pod': 'emailservice-55fdc5b988-f6xth', 'alarm': [{'metric_type': 'CpuUsageRate(%)', 'alarm_flag': True}]}]
[INFO]2024-11-19 16:47:56,393 data_integrate.py:629: Data Integrate Complete!
[INFO]2024-11-19 16:48:06,786 data_integrate.py:568: [{'pod': 'adservice-5f6585d649-fnmft', 'alarm': [{'metric_type': 'MemoryUsageRate(%)', 'alarm_flag': True}]}, {'pod': 'paymentservice-9cdb6588f-554sm', 'alarm': [{'metric_type': 'NetworkP90(ms)', 'alarm_flag': True}]}]
[INFO]2024-11-19 16:48:23,194 data_integrate.py:629: Data Integrate Complete!
[INFO]2024-11-19 16:48:32,884 data_integrate.py:568: [{'pod': 'adservice-5f6585d649-fnmft', 'alarm': [{'metric_type': 'MemoryUsageRate(%)', 'alarm_flag': True}]}, {'pod': 'paymentservice-9cdb6588f-554sm', 'alarm': [{'metric_type': 'NetworkP90(ms)', 'alarm_flag': True}]}]
[INFO]2024-11-19 16:48:47,752 data_integrate.py:629: Data Integrate Complete!
[INFO]2024-11-19 16:48:58,585 data_integrate.py:568: [{'pod': 'adservice-5f6585d649-fnmft', 'alarm': [{'metric_type': 'MemoryUsageRate(%)', 'alarm_flag': True}]}, {'pod': 'paymentservice-9cdb6588f-554sm', 'alarm': [{'metric_type': 'CpuUsageRate(%)', 'alarm_flag': True}]}]
[INFO]2024-11-19 16:49:14,808 data_integrate.py:629: Data Integrate Complete!
[INFO]2024-11-19 16:49:25,176 data_integrate.py:568: [{'pod': 'adservice-5f6585d649-fnmft', 'alarm': [{'metric_type': 'MemoryUsageRate(%)', 'alarm_flag': True}]}, {'pod': 'paymentservice-9cdb6588f-554sm', 'alarm': [{'metric_type': 'CpuUsageRate(%)', 'alarm_flag': True}]}]
[INFO]2024-11-19 16:49:41,009 data_integrate.py:629: Data Integrate Complete!
[INFO]2024-11-19 16:49:49,934 data_integrate.py:568: [{'pod': 'adservice-5f6585d649-fnmft', 'alarm': [{'metric_type': 'MemoryUsageRate(%)', 'alarm_flag': True}]}]
[INFO]2024-11-19 16:50:02,888 data_integrate.py:629: Data Integrate Complete!
[INFO]2024-11-19 16:50:12,017 data_integrate.py:568: [{'pod': 'adservice-5f6585d649-fnmft', 'alarm': [{'metric_type': 'MemoryUsageRate(%)', 'alarm_flag': True}]}]
[INFO]2024-11-19 16:50:25,555 data_integrate.py:629: Data Integrate Complete!
[INFO]2024-11-19 16:50:30,598 data_integrate.py:568: [{'pod': 'adservice-5f6585d649-fnmft', 'alarm': [{'metric_type': 'MemoryUsageRate(%)', 'alarm_flag': True}]}]
[INFO]2024-11-19 16:50:38,238 data_integrate.py:629: Data Integrate Complete!
[INFO]2024-11-19 16:50:41,058 data_integrate.py:568: [{'pod': 'adservice-5f6585d649-fnmft', 'alarm': [{'metric_type': 'MemoryUsageRate(%)', 'alarm_flag': True}]}]
[INFO]2024-11-19 16:50:45,783 data_integrate.py:629: Data Integrate Complete!
[INFO]2024-11-19 16:50:55,897 data_integrate.py:568: [{'pod': 'adservice-5f6585d649-fnmft', 'alarm': [{'metric_type': 'MemoryUsageRate(%)', 'alarm_flag': True}]}, {'pod': 'productcatalogservice-668d5f85fb-jhwx9', 'alarm': [{'metric_type': 'CpuUsageRate(%)', 'alarm_flag': True}]}]
[INFO]2024-11-19 16:51:11,530 data_integrate.py:629: Data Integrate Complete!
[INFO]2024-11-19 16:51:19,968 data_integrate.py:568: [{'pod': 'adservice-5f6585d649-fnmft', 'alarm': [{'metric_type': 'MemoryUsageRate(%)', 'alarm_flag': True}]}, {'pod': 'productcatalogservice-668d5f85fb-jhwx9', 'alarm': [{'metric_type': 'CpuUsageRate(%)', 'alarm_flag': True}]}]
[INFO]2024-11-19 16:51:32,934 data_integrate.py:629: Data Integrate Complete!
[INFO]2024-11-19 16:51:35,966 data_integrate.py:568: [{'pod': 'adservice-5f6585d649-fnmft', 'alarm': [{'metric_type': 'MemoryUsageRate(%)', 'alarm_flag': True}]}]
[INFO]2024-11-19 16:51:41,210 data_integrate.py:629: Data Integrate Complete!
[INFO]2024-11-19 16:51:43,905 data_integrate.py:568: [{'pod': 'adservice-5f6585d649-fnmft', 'alarm': [{'metric_type': 'MemoryUsageRate(%)', 'alarm_flag': True}]}]
[INFO]2024-11-19 16:51:48,553 data_integrate.py:629: Data Integrate Complete!
[INFO]2024-11-19 16:51:58,611 data_integrate.py:568: [{'pod': 'adservice-5f6585d649-fnmft', 'alarm': [{'metric_type': 'MemoryUsageRate(%)', 'alarm_flag': True}]}, {'pod': 'recommendationservice-6cfdd55578-gfj6q', 'alarm': [{'metric_type': 'NetworkP90(ms)', 'alarm_flag': True}]}]
[INFO]2024-11-19 16:52:14,294 data_integrate.py:629: Data Integrate Complete!
[INFO]2024-11-19 16:52:23,632 data_integrate.py:568: [{'pod': 'adservice-5f6585d649-fnmft', 'alarm': [{'metric_type': 'MemoryUsageRate(%)', 'alarm_flag': True}]}, {'pod': 'recommendationservice-6cfdd55578-gfj6q', 'alarm': [{'metric_type': 'NetworkP90(ms)', 'alarm_flag': True}]}]
[INFO]2024-11-19 16:52:39,132 data_integrate.py:629: Data Integrate Complete!
[INFO]2024-11-19 16:52:48,690 data_integrate.py:568: [{'pod': 'adservice-5f6585d649-fnmft', 'alarm': [{'metric_type': 'MemoryUsageRate(%)', 'alarm_flag': True}]}, {'pod': 'recommendationservice-6cfdd55578-gfj6q', 'alarm': [{'metric_type': 'CpuUsageRate(%)', 'alarm_flag': True}]}]
[INFO]2024-11-19 16:53:02,503 data_integrate.py:629: Data Integrate Complete!
[INFO]2024-11-19 16:53:10,855 data_integrate.py:568: [{'pod': 'adservice-5f6585d649-fnmft', 'alarm': [{'metric_type': 'MemoryUsageRate(%)', 'alarm_flag': True}]}, {'pod': 'recommendationservice-6cfdd55578-gfj6q', 'alarm': [{'metric_type': 'CpuUsageRate(%)', 'alarm_flag': True}]}]
[INFO]2024-11-19 16:53:22,783 data_integrate.py:629: Data Integrate Complete!
[INFO]2024-11-19 16:53:30,563 data_integrate.py:568: [{'pod': 'adservice-5f6585d649-fnmft', 'alarm': [{'metric_type': 'MemoryUsageRate(%)', 'alarm_flag': True}]}, {'pod': 'recommendationservice-6cfdd55578-gfj6q', 'alarm': [{'metric_type': 'CpuUsageRate(%)', 'alarm_flag': True}]}]
[INFO]2024-11-19 16:53:40,588 data_integrate.py:629: Data Integrate Complete!
[INFO]2024-11-19 16:53:45,927 data_integrate.py:568: [{'pod': 'adservice-5f6585d649-fnmft', 'alarm': [{'metric_type': 'MemoryUsageRate(%)', 'alarm_flag': True}]}, {'pod': 'recommendationservice-6cfdd55578-gfj6q', 'alarm': [{'metric_type': 'CpuUsageRate(%)', 'alarm_flag': True}]}]
[INFO]2024-11-19 16:53:53,489 data_integrate.py:629: Data Integrate Complete!
[INFO]2024-11-19 16:54:03,642 data_integrate.py:568: [{'pod': 'adservice-5f6585d649-fnmft', 'alarm': [{'metric_type': 'MemoryUsageRate(%)', 'alarm_flag': True}]}, {'pod': 'shippingservice-7b598fc7d-lmggd', 'alarm': [{'metric_type': 'NetworkP90(ms)', 'alarm_flag': True}]}]
[INFO]2024-11-19 16:54:18,895 data_integrate.py:629: Data Integrate Complete!
[INFO]2024-11-19 16:54:28,647 data_integrate.py:568: [{'pod': 'adservice-5f6585d649-fnmft', 'alarm': [{'metric_type': 'MemoryUsageRate(%)', 'alarm_flag': True}]}, {'pod': 'shippingservice-7b598fc7d-lmggd', 'alarm': [{'metric_type': 'NetworkP90(ms)', 'alarm_flag': True}]}]
[INFO]2024-11-19 16:54:43,513 data_integrate.py:629: Data Integrate Complete!
[INFO]2024-11-19 16:54:54,260 data_integrate.py:568: [{'pod': 'adservice-5f6585d649-fnmft', 'alarm': [{'metric_type': 'MemoryUsageRate(%)', 'alarm_flag': True}]}, {'pod': 'shippingservice-7b598fc7d-lmggd', 'alarm': [{'metric_type': 'CpuUsageRate(%)', 'alarm_flag': True}]}]
[INFO]2024-11-19 16:55:10,733 data_integrate.py:629: Data Integrate Complete!
[INFO]2024-11-19 16:55:20,407 data_integrate.py:568: [{'pod': 'adservice-5f6585d649-fnmft', 'alarm': [{'metric_type': 'MemoryUsageRate(%)', 'alarm_flag': True}]}, {'pod': 'shippingservice-7b598fc7d-lmggd', 'alarm': [{'metric_type': 'CpuUsageRate(%)', 'alarm_flag': True}]}]
[INFO]2024-11-19 16:55:35,328 data_integrate.py:629: Data Integrate Complete!
[INFO]2024-11-19 16:55:44,929 data_integrate.py:568: [{'pod': 'adservice-5f6585d649-fnmft', 'alarm': [{'metric_type': 'MemoryUsageRate(%)', 'alarm_flag': True}]}, {'pod': 'shippingservice-7b598fc7d-lmggd', 'alarm': [{'metric_type': 'CpuUsageRate(%)', 'alarm_flag': True}]}]
[INFO]2024-11-19 16:55:59,790 data_integrate.py:629: Data Integrate Complete!
[INFO]2024-11-19 16:56:09,625 data_integrate.py:568: [{'pod': 'adservice-5f6585d649-fnmft', 'alarm': [{'metric_type': 'MemoryUsageRate(%)', 'alarm_flag': True}]}, {'pod': 'shippingservice-7b598fc7d-lmggd', 'alarm': [{'metric_type': 'CpuUsageRate(%)', 'alarm_flag': True}]}]
[INFO]2024-11-19 16:56:24,543 data_integrate.py:629: Data Integrate Complete!
[INFO]2024-11-19 16:56:33,743 data_integrate.py:568: [{'pod': 'adservice-5f6585d649-fnmft', 'alarm': [{'metric_type': 'MemoryUsageRate(%)', 'alarm_flag': True}]}]
[INFO]2024-11-19 16:56:47,502 data_integrate.py:629: Data Integrate Complete!
[INFO]2024-11-19 16:56:56,261 data_integrate.py:568: [{'pod': 'adservice-5f6585d649-fnmft', 'alarm': [{'metric_type': 'MemoryUsageRate(%)', 'alarm_flag': True}]}]
[INFO]2024-11-19 16:57:09,859 data_integrate.py:629: Data Integrate Complete!
[INFO]2024-11-19 16:57:20,582 data_integrate.py:568: [{'pod': 'adservice-5f6585d649-fnmft', 'alarm': [{'metric_type': 'MemoryUsageRate(%)', 'alarm_flag': True}]}]
[INFO]2024-11-19 16:57:39,188 data_integrate.py:629: Data Integrate Complete!
[INFO]2024-11-19 16:57:48,812 data_integrate.py:568: [{'pod': 'adservice-5f6585d649-fnmft', 'alarm': [{'metric_type': 'MemoryUsageRate(%)', 'alarm_flag': True}]}]
[INFO]2024-11-19 16:58:03,607 data_integrate.py:629: Data Integrate Complete!
[INFO]2024-11-19 16:58:14,075 data_integrate.py:568: [{'pod': 'adservice-5f6585d649-fnmft', 'alarm': [{'metric_type': 'MemoryUsageRate(%)', 'alarm_flag': True}]}]
[INFO]2024-11-19 16:58:30,478 data_integrate.py:629: Data Integrate Complete!
[INFO]2024-11-19 16:58:40,951 data_integrate.py:568: [{'pod': 'adservice-5f6585d649-fnmft', 'alarm': [{'metric_type': 'MemoryUsageRate(%)', 'alarm_flag': True}]}]
[INFO]2024-11-19 16:58:56,909 data_integrate.py:629: Data Integrate Complete!
[INFO]2024-11-19 16:59:06,046 data_integrate.py:568: [{'pod': 'adservice-5f6585d649-fnmft', 'alarm': [{'metric_type': 'CpuUsageRate(%)', 'alarm_flag': True}]}]
[INFO]2024-11-19 16:59:19,610 data_integrate.py:629: Data Integrate Complete!
[INFO]2024-11-19 16:59:27,651 data_integrate.py:568: [{'pod': 'adservice-5f6585d649-fnmft', 'alarm': [{'metric_type': 'CpuUsageRate(%)', 'alarm_flag': True}]}]
[INFO]2024-11-19 16:59:39,500 data_integrate.py:629: Data Integrate Complete!
[INFO]2024-11-19 16:59:50,131 data_integrate.py:568: [{'pod': 'adservice-5f6585d649-fnmft', 'alarm': [{'metric_type': 'CpuUsageRate(%)', 'alarm_flag': True}]}]
[INFO]2024-11-19 17:00:06,247 data_integrate.py:629: Data Integrate Complete!
[INFO]2024-11-19 17:00:16,152 data_integrate.py:568: [{'pod': 'adservice-5f6585d649-fnmft', 'alarm': [{'metric_type': 'CpuUsageRate(%)', 'alarm_flag': True}]}]
[INFO]2024-11-19 17:00:31,503 data_integrate.py:629: Data Integrate Complete!
[INFO]2024-11-19 17:13:08,934 data_integrate.py:568: [{'pod': 'adservice-5f6585d649-fnmft', 'alarm': [{'metric_type': 'MemoryUsageRate(%)', 'alarm_flag': True}]}]
[INFO]2024-11-19 17:13:24,016 data_integrate.py:629: Data Integrate Complete!
[INFO]2024-11-19 17:13:33,692 data_integrate.py:568: [{'pod': 'adservice-5f6585d649-fnmft', 'alarm': [{'metric_type': 'MemoryUsageRate(%)', 'alarm_flag': True}]}]
[INFO]2024-11-19 17:13:48,645 data_integrate.py:629: Data Integrate Complete!
[ERROR]2024-11-19 19:23:21,728 log_parsing.py:78: Cannot find id 675 's template
[ERROR]2024-11-19 19:23:21,729 log_parsing.py:78: Cannot find id 676 's template
[ERROR]2024-11-19 19:23:21,729 log_parsing.py:78: Cannot find id 677 's template
[ERROR]2024-11-19 19:23:21,730 log_parsing.py:78: Cannot find id 678 's template
[ERROR]2024-11-19 19:23:21,731 log_parsing.py:78: Cannot find id 679 's template
[ERROR]2024-11-19 19:23:21,732 log_parsing.py:78: Cannot find id 680 's template
[ERROR]2024-11-19 19:23:21,732 log_parsing.py:78: Cannot find id 681 's template
[ERROR]2024-11-19 19:23:21,733 log_parsing.py:78: Cannot find id 682 's template
[ERROR]2024-11-19 19:23:21,734 log_parsing.py:78: Cannot find id 683 's template
[ERROR]2024-11-19 19:23:21,734 log_parsing.py:78: Cannot find id 684 's template
[ERROR]2024-11-19 19:23:21,735 log_parsing.py:78: Cannot find id 685 's template
[ERROR]2024-11-19 19:23:21,736 log_parsing.py:78: Cannot find id 686 's template
[ERROR]2024-11-19 19:23:21,736 log_parsing.py:78: Cannot find id 687 's template
[ERROR]2024-11-19 19:23:21,737 log_parsing.py:78: Cannot find id 688 's template
[ERROR]2024-11-19 19:23:21,738 log_parsing.py:78: Cannot find id 689 's template
[ERROR]2024-11-19 19:23:21,738 log_parsing.py:78: Cannot find id 690 's template
[ERROR]2024-11-19 19:23:21,739 log_parsing.py:78: Cannot find id 691 's template
[ERROR]2024-11-19 19:23:21,740 log_parsing.py:78: Cannot find id 692 's template
[ERROR]2024-11-19 19:23:21,740 log_parsing.py:78: Cannot find id 693 's template
[ERROR]2024-11-19 19:23:21,741 log_parsing.py:78: Cannot find id 694 's template
[ERROR]2024-11-19 19:23:21,742 log_parsing.py:78: Cannot find id 695 's template
[ERROR]2024-11-19 19:23:21,743 log_parsing.py:78: Cannot find id 696 's template
[ERROR]2024-11-19 19:23:21,743 log_parsing.py:78: Cannot find id 697 's template
[ERROR]2024-11-19 19:23:21,744 log_parsing.py:78: Cannot find id 698 's template
[ERROR]2024-11-19 19:23:21,745 log_parsing.py:78: Cannot find id 699 's template
[ERROR]2024-11-19 19:23:21,746 log_parsing.py:78: Cannot find id 700 's template
[ERROR]2024-11-19 19:23:21,746 log_parsing.py:78: Cannot find id 701 's template
[ERROR]2024-11-19 19:23:21,747 log_parsing.py:78: Cannot find id 702 's template
[ERROR]2024-11-19 19:23:21,748 log_parsing.py:78: Cannot find id 703 's template
[ERROR]2024-11-19 19:23:21,749 log_parsing.py:78: Cannot find id 704 's template
[ERROR]2024-11-19 19:23:21,749 log_parsing.py:78: Cannot find id 705 's template
[ERROR]2024-11-19 19:23:21,750 log_parsing.py:78: Cannot find id 706 's template
[ERROR]2024-11-19 19:23:21,751 log_parsing.py:78: Cannot find id 707 's template
[ERROR]2024-11-19 19:23:21,752 log_parsing.py:78: Cannot find id 708 's template
[ERROR]2024-11-19 19:23:21,752 log_parsing.py:78: Cannot find id 709 's template
[ERROR]2024-11-19 19:23:21,753 log_parsing.py:78: Cannot find id 710 's template
[ERROR]2024-11-19 19:23:21,754 log_parsing.py:78: Cannot find id 711 's template
[ERROR]2024-11-19 19:23:21,754 log_parsing.py:78: Cannot find id 712 's template
[ERROR]2024-11-19 19:23:21,755 log_parsing.py:78: Cannot find id 713 's template
[ERROR]2024-11-19 19:23:21,755 log_parsing.py:78: Cannot find id 714 's template
[ERROR]2024-11-19 19:23:21,756 log_parsing.py:78: Cannot find id 715 's template
[ERROR]2024-11-19 19:23:21,757 log_parsing.py:78: Cannot find id 716 's template
[ERROR]2024-11-19 19:23:21,757 log_parsing.py:78: Cannot find id 717 's template
[ERROR]2024-11-19 19:23:21,758 log_parsing.py:78: Cannot find id 718 's template
[ERROR]2024-11-19 19:23:21,759 log_parsing.py:78: Cannot find id 719 's template
[ERROR]2024-11-19 19:23:21,760 log_parsing.py:78: Cannot find id 720 's template
[ERROR]2024-11-19 19:23:21,760 log_parsing.py:78: Cannot find id 721 's template
[ERROR]2024-11-19 19:23:21,761 log_parsing.py:78: Cannot find id 722 's template
[ERROR]2024-11-19 19:23:21,762 log_parsing.py:78: Cannot find id 723 's template
[ERROR]2024-11-19 19:23:21,762 log_parsing.py:78: Cannot find id 724 's template
[ERROR]2024-11-19 19:23:21,763 log_parsing.py:78: Cannot find id 725 's template
[ERROR]2024-11-19 19:23:21,764 log_parsing.py:78: Cannot find id 726 's template
[ERROR]2024-11-19 19:23:21,764 log_parsing.py:78: Cannot find id 727 's template
[ERROR]2024-11-19 19:23:21,765 log_parsing.py:78: Cannot find id 728 's template
[ERROR]2024-11-19 19:23:21,766 log_parsing.py:78: Cannot find id 729 's template
[ERROR]2024-11-19 19:23:21,766 log_parsing.py:78: Cannot find id 730 's template
[ERROR]2024-11-19 19:23:21,767 log_parsing.py:78: Cannot find id 731 's template
[ERROR]2024-11-19 19:23:21,767 log_parsing.py:78: Cannot find id 732 's template
[ERROR]2024-11-19 19:23:21,768 log_parsing.py:78: Cannot find id 733 's template
[ERROR]2024-11-19 19:23:21,769 log_parsing.py:78: Cannot find id 734 's template
[ERROR]2024-11-19 19:23:21,769 log_parsing.py:78: Cannot find id 735 's template
[ERROR]2024-11-19 19:23:21,770 log_parsing.py:78: Cannot find id 736 's template
[ERROR]2024-11-19 19:23:21,770 log_parsing.py:78: Cannot find id 737 's template
[ERROR]2024-11-19 19:23:21,771 log_parsing.py:78: Cannot find id 738 's template
[ERROR]2024-11-19 19:23:21,772 log_parsing.py:78: Cannot find id 739 's template
[ERROR]2024-11-19 19:23:21,773 log_parsing.py:78: Cannot find id 740 's template
[ERROR]2024-11-19 19:23:21,773 log_parsing.py:78: Cannot find id 741 's template
[ERROR]2024-11-19 19:23:21,774 log_parsing.py:78: Cannot find id 742 's template
[ERROR]2024-11-19 19:23:21,775 log_parsing.py:78: Cannot find id 743 's template
[ERROR]2024-11-19 19:23:21,776 log_parsing.py:78: Cannot find id 744 's template
[ERROR]2024-11-19 19:23:21,776 log_parsing.py:78: Cannot find id 745 's template
[ERROR]2024-11-19 19:23:21,777 log_parsing.py:78: Cannot find id 746 's template
[ERROR]2024-11-19 19:23:21,778 log_parsing.py:78: Cannot find id 747 's template
[ERROR]2024-11-19 19:23:21,779 log_parsing.py:78: Cannot find id 748 's template
[ERROR]2024-11-19 19:23:21,779 log_parsing.py:78: Cannot find id 749 's template
[ERROR]2024-11-19 19:23:21,780 log_parsing.py:78: Cannot find id 750 's template
[ERROR]2024-11-19 19:23:21,781 log_parsing.py:78: Cannot find id 751 's template
[ERROR]2024-11-19 19:23:21,781 log_parsing.py:78: Cannot find id 752 's template
[ERROR]2024-11-19 19:23:21,782 log_parsing.py:78: Cannot find id 753 's template
[ERROR]2024-11-19 19:23:21,783 log_parsing.py:78: Cannot find id 754 's template
[ERROR]2024-11-19 19:23:21,783 log_parsing.py:78: Cannot find id 755 's template
[ERROR]2024-11-19 19:23:21,784 log_parsing.py:78: Cannot find id 756 's template
[ERROR]2024-11-19 19:23:21,785 log_parsing.py:78: Cannot find id 757 's template
[ERROR]2024-11-19 19:23:21,786 log_parsing.py:78: Cannot find id 758 's template
[ERROR]2024-11-19 19:23:21,786 log_parsing.py:78: Cannot find id 759 's template
[ERROR]2024-11-19 19:23:21,787 log_parsing.py:78: Cannot find id 760 's template
[ERROR]2024-11-19 19:23:21,788 log_parsing.py:78: Cannot find id 761 's template
[ERROR]2024-11-19 19:23:21,788 log_parsing.py:78: Cannot find id 762 's template
[ERROR]2024-11-19 19:23:21,789 log_parsing.py:78: Cannot find id 763 's template
[ERROR]2024-11-19 19:23:21,790 log_parsing.py:78: Cannot find id 764 's template
[ERROR]2024-11-19 19:23:21,790 log_parsing.py:78: Cannot find id 765 's template
[ERROR]2024-11-19 19:23:21,791 log_parsing.py:78: Cannot find id 766 's template
[ERROR]2024-11-19 19:23:21,791 log_parsing.py:78: Cannot find id 767 's template
[ERROR]2024-11-19 19:23:21,792 log_parsing.py:78: Cannot find id 768 's template
[ERROR]2024-11-19 19:23:21,793 log_parsing.py:78: Cannot find id 769 's template
[ERROR]2024-11-19 19:23:21,794 log_parsing.py:78: Cannot find id 770 's template
[ERROR]2024-11-19 19:23:21,794 log_parsing.py:78: Cannot find id 771 's template
[ERROR]2024-11-19 19:23:21,795 log_parsing.py:78: Cannot find id 772 's template
[ERROR]2024-11-19 19:23:21,796 log_parsing.py:78: Cannot find id 773 's template
[ERROR]2024-11-19 19:23:21,796 log_parsing.py:78: Cannot find id 774 's template
[ERROR]2024-11-19 19:23:21,797 log_parsing.py:78: Cannot find id 775 's template
[ERROR]2024-11-19 19:23:21,798 log_parsing.py:78: Cannot find id 776 's template
[ERROR]2024-11-19 19:23:21,799 log_parsing.py:78: Cannot find id 777 's template
[ERROR]2024-11-19 19:23:21,800 log_parsing.py:78: Cannot find id 778 's template
[ERROR]2024-11-19 19:23:21,800 log_parsing.py:78: Cannot find id 779 's template
[ERROR]2024-11-19 19:23:21,801 log_parsing.py:78: Cannot find id 780 's template
[ERROR]2024-11-19 19:23:21,802 log_parsing.py:78: Cannot find id 781 's template
[ERROR]2024-11-19 19:23:21,802 log_parsing.py:78: Cannot find id 782 's template
[ERROR]2024-11-19 19:23:21,803 log_parsing.py:78: Cannot find id 783 's template
[ERROR]2024-11-19 19:23:21,804 log_parsing.py:78: Cannot find id 784 's template
[ERROR]2024-11-19 19:23:21,804 log_parsing.py:78: Cannot find id 785 's template
[ERROR]2024-11-19 19:23:21,805 log_parsing.py:78: Cannot find id 786 's template
[ERROR]2024-11-19 19:23:21,806 log_parsing.py:78: Cannot find id 787 's template
[ERROR]2024-11-19 19:23:21,807 log_parsing.py:78: Cannot find id 788 's template
[ERROR]2024-11-19 19:23:21,807 log_parsing.py:78: Cannot find id 789 's template
[ERROR]2024-11-19 19:23:21,808 log_parsing.py:78: Cannot find id 790 's template
[ERROR]2024-11-19 19:23:21,809 log_parsing.py:78: Cannot find id 791 's template
[ERROR]2024-11-19 19:23:21,810 log_parsing.py:78: Cannot find id 792 's template
[ERROR]2024-11-19 19:23:21,810 log_parsing.py:78: Cannot find id 793 's template
[ERROR]2024-11-19 19:23:21,811 log_parsing.py:78: Cannot find id 794 's template
[ERROR]2024-11-19 19:23:21,812 log_parsing.py:78: Cannot find id 795 's template
[ERROR]2024-11-19 19:23:21,813 log_parsing.py:78: Cannot find id 796 's template
[ERROR]2024-11-19 19:23:21,813 log_parsing.py:78: Cannot find id 797 's template
[ERROR]2024-11-19 19:23:21,814 log_parsing.py:78: Cannot find id 798 's template
[ERROR]2024-11-19 19:23:21,815 log_parsing.py:78: Cannot find id 799 's template
[ERROR]2024-11-19 19:23:21,816 log_parsing.py:78: Cannot find id 800 's template
[ERROR]2024-11-19 19:23:21,816 log_parsing.py:78: Cannot find id 801 's template
[ERROR]2024-11-19 19:23:21,817 log_parsing.py:78: Cannot find id 802 's template
[ERROR]2024-11-19 19:23:21,818 log_parsing.py:78: Cannot find id 803 's template
[ERROR]2024-11-19 19:23:21,818 log_parsing.py:78: Cannot find id 804 's template
[ERROR]2024-11-19 19:23:21,819 log_parsing.py:78: Cannot find id 805 's template
[ERROR]2024-11-19 19:23:21,820 log_parsing.py:78: Cannot find id 806 's template
[ERROR]2024-11-19 19:23:21,820 log_parsing.py:78: Cannot find id 807 's template
[ERROR]2024-11-19 19:23:21,821 log_parsing.py:78: Cannot find id 808 's template
[ERROR]2024-11-19 19:23:21,822 log_parsing.py:78: Cannot find id 809 's template
[ERROR]2024-11-19 19:23:21,822 log_parsing.py:78: Cannot find id 810 's template
[ERROR]2024-11-19 19:23:21,823 log_parsing.py:78: Cannot find id 811 's template
[ERROR]2024-11-19 19:23:21,823 log_parsing.py:78: Cannot find id 812 's template
[ERROR]2024-11-19 19:23:21,824 log_parsing.py:78: Cannot find id 813 's template
[ERROR]2024-11-19 19:23:21,824 log_parsing.py:78: Cannot find id 814 's template
[ERROR]2024-11-19 19:23:21,826 log_parsing.py:78: Cannot find id 815 's template
[ERROR]2024-11-19 19:23:21,826 log_parsing.py:78: Cannot find id 816 's template
[ERROR]2024-11-19 19:23:21,827 log_parsing.py:78: Cannot find id 817 's template
[ERROR]2024-11-19 19:23:21,828 log_parsing.py:78: Cannot find id 818 's template
[ERROR]2024-11-19 19:23:21,828 log_parsing.py:78: Cannot find id 819 's template
[ERROR]2024-11-19 19:23:21,829 log_parsing.py:78: Cannot find id 820 's template
[ERROR]2024-11-19 19:23:21,830 log_parsing.py:78: Cannot find id 821 's template
[ERROR]2024-11-19 19:23:21,830 log_parsing.py:78: Cannot find id 822 's template
[ERROR]2024-11-19 19:23:21,831 log_parsing.py:78: Cannot find id 823 's template
[ERROR]2024-11-19 19:23:21,832 log_parsing.py:78: Cannot find id 824 's template
[ERROR]2024-11-19 19:23:21,832 log_parsing.py:78: Cannot find id 825 's template
[ERROR]2024-11-19 19:23:21,833 log_parsing.py:78: Cannot find id 826 's template
[ERROR]2024-11-19 19:23:21,834 log_parsing.py:78: Cannot find id 827 's template
[ERROR]2024-11-19 19:23:21,835 log_parsing.py:78: Cannot find id 828 's template
[ERROR]2024-11-19 19:23:21,836 log_parsing.py:78: Cannot find id 829 's template
[ERROR]2024-11-19 19:23:21,837 log_parsing.py:78: Cannot find id 830 's template
[ERROR]2024-11-19 19:23:21,837 log_parsing.py:78: Cannot find id 831 's template
[ERROR]2024-11-19 19:23:21,838 log_parsing.py:78: Cannot find id 832 's template
[ERROR]2024-11-19 19:23:21,839 log_parsing.py:78: Cannot find id 833 's template
[ERROR]2024-11-19 19:23:21,840 log_parsing.py:78: Cannot find id 834 's template
[ERROR]2024-11-19 19:23:21,840 log_parsing.py:78: Cannot find id 835 's template
[ERROR]2024-11-19 19:23:21,841 log_parsing.py:78: Cannot find id 836 's template
[ERROR]2024-11-19 19:23:21,841 log_parsing.py:78: Cannot find id 837 's template
[ERROR]2024-11-19 19:23:21,842 log_parsing.py:78: Cannot find id 838 's template
[ERROR]2024-11-19 19:23:21,843 log_parsing.py:78: Cannot find id 839 's template
[ERROR]2024-11-19 19:23:21,844 log_parsing.py:78: Cannot find id 840 's template
[ERROR]2024-11-19 19:23:21,845 log_parsing.py:78: Cannot find id 841 's template
[ERROR]2024-11-19 19:23:21,845 log_parsing.py:78: Cannot find id 842 's template
[ERROR]2024-11-19 19:23:21,846 log_parsing.py:78: Cannot find id 843 's template
[ERROR]2024-11-19 19:23:21,847 log_parsing.py:78: Cannot find id 844 's template
[ERROR]2024-11-19 19:23:21,847 log_parsing.py:78: Cannot find id 845 's template
[ERROR]2024-11-19 19:23:21,848 log_parsing.py:78: Cannot find id 846 's template
[ERROR]2024-11-19 19:23:21,849 log_parsing.py:78: Cannot find id 847 's template
[ERROR]2024-11-19 19:23:21,849 log_parsing.py:78: Cannot find id 848 's template
[ERROR]2024-11-19 19:23:21,850 log_parsing.py:78: Cannot find id 849 's template
[ERROR]2024-11-19 19:23:21,851 log_parsing.py:78: Cannot find id 850 's template
[ERROR]2024-11-19 19:23:21,851 log_parsing.py:78: Cannot find id 851 's template
[ERROR]2024-11-19 19:23:21,852 log_parsing.py:78: Cannot find id 852 's template
[ERROR]2024-11-19 19:23:21,853 log_parsing.py:78: Cannot find id 853 's template
[ERROR]2024-11-19 19:23:21,853 log_parsing.py:78: Cannot find id 854 's template
[ERROR]2024-11-19 19:23:21,854 log_parsing.py:78: Cannot find id 855 's template
[ERROR]2024-11-19 19:23:21,855 log_parsing.py:78: Cannot find id 856 's template
[ERROR]2024-11-19 19:23:21,856 log_parsing.py:78: Cannot find id 857 's template
[ERROR]2024-11-19 19:23:21,857 log_parsing.py:78: Cannot find id 858 's template
[ERROR]2024-11-19 19:23:21,857 log_parsing.py:78: Cannot find id 859 's template
[ERROR]2024-11-19 19:23:21,858 log_parsing.py:78: Cannot find id 860 's template
[ERROR]2024-11-19 19:23:21,860 log_parsing.py:78: Cannot find id 861 's template
[ERROR]2024-11-19 19:23:21,860 log_parsing.py:78: Cannot find id 862 's template
[ERROR]2024-11-19 19:23:21,861 log_parsing.py:78: Cannot find id 863 's template
[ERROR]2024-11-19 19:23:21,862 log_parsing.py:78: Cannot find id 864 's template
[ERROR]2024-11-19 19:23:21,862 log_parsing.py:78: Cannot find id 865 's template
[ERROR]2024-11-19 19:23:21,863 log_parsing.py:78: Cannot find id 866 's template
[ERROR]2024-11-19 19:23:21,864 log_parsing.py:78: Cannot find id 867 's template
[ERROR]2024-11-19 19:23:21,864 log_parsing.py:78: Cannot find id 868 's template
[ERROR]2024-11-19 19:23:21,865 log_parsing.py:78: Cannot find id 869 's template
[ERROR]2024-11-19 19:23:21,866 log_parsing.py:78: Cannot find id 870 's template
[ERROR]2024-11-19 19:23:21,866 log_parsing.py:78: Cannot find id 871 's template
[ERROR]2024-11-19 19:23:21,867 log_parsing.py:78: Cannot find id 872 's template
[ERROR]2024-11-19 19:23:21,868 log_parsing.py:78: Cannot find id 873 's template
[ERROR]2024-11-19 19:23:21,868 log_parsing.py:78: Cannot find id 874 's template
[ERROR]2024-11-19 19:23:21,869 log_parsing.py:78: Cannot find id 875 's template
[ERROR]2024-11-19 19:23:21,870 log_parsing.py:78: Cannot find id 876 's template
[ERROR]2024-11-19 19:23:21,871 log_parsing.py:78: Cannot find id 877 's template
[ERROR]2024-11-19 19:23:21,872 log_parsing.py:78: Cannot find id 878 's template
[ERROR]2024-11-19 19:23:21,872 log_parsing.py:78: Cannot find id 879 's template
[ERROR]2024-11-19 19:23:21,873 log_parsing.py:78: Cannot find id 880 's template
[ERROR]2024-11-19 19:23:21,874 log_parsing.py:78: Cannot find id 881 's template
[ERROR]2024-11-19 19:23:21,874 log_parsing.py:78: Cannot find id 882 's template
[ERROR]2024-11-19 19:23:21,875 log_parsing.py:78: Cannot find id 883 's template
[ERROR]2024-11-19 19:23:21,876 log_parsing.py:78: Cannot find id 884 's template
[ERROR]2024-11-19 19:23:21,877 log_parsing.py:78: Cannot find id 885 's template
[ERROR]2024-11-19 19:23:21,878 log_parsing.py:78: Cannot find id 886 's template
[ERROR]2024-11-19 19:23:21,879 log_parsing.py:78: Cannot find id 887 's template
[ERROR]2024-11-19 19:23:21,880 log_parsing.py:78: Cannot find id 888 's template
[ERROR]2024-11-19 19:23:21,881 log_parsing.py:78: Cannot find id 889 's template
[ERROR]2024-11-19 19:23:21,881 log_parsing.py:78: Cannot find id 890 's template
[ERROR]2024-11-19 19:23:21,882 log_parsing.py:78: Cannot find id 891 's template
[ERROR]2024-11-19 19:23:21,882 log_parsing.py:78: Cannot find id 892 's template
[ERROR]2024-11-19 19:23:21,883 log_parsing.py:78: Cannot find id 893 's template
[ERROR]2024-11-19 19:23:21,884 log_parsing.py:78: Cannot find id 894 's template
[ERROR]2024-11-19 19:23:21,885 log_parsing.py:78: Cannot find id 895 's template
[ERROR]2024-11-19 19:23:21,886 log_parsing.py:78: Cannot find id 896 's template
[ERROR]2024-11-19 19:23:21,886 log_parsing.py:78: Cannot find id 897 's template
[ERROR]2024-11-19 19:23:21,887 log_parsing.py:78: Cannot find id 898 's template
[ERROR]2024-11-19 19:23:21,888 log_parsing.py:78: Cannot find id 899 's template
[ERROR]2024-11-19 19:23:21,889 log_parsing.py:78: Cannot find id 900 's template
[ERROR]2024-11-19 19:23:21,889 log_parsing.py:78: Cannot find id 901 's template
[ERROR]2024-11-19 19:23:21,890 log_parsing.py:78: Cannot find id 902 's template
[ERROR]2024-11-19 19:23:21,891 log_parsing.py:78: Cannot find id 903 's template
[ERROR]2024-11-19 19:23:21,892 log_parsing.py:78: Cannot find id 904 's template
[ERROR]2024-11-19 19:23:21,893 log_parsing.py:78: Cannot find id 905 's template
[ERROR]2024-11-19 19:23:21,893 log_parsing.py:78: Cannot find id 906 's template
[ERROR]2024-11-19 19:23:21,894 log_parsing.py:78: Cannot find id 907 's template
[ERROR]2024-11-19 19:23:21,895 log_parsing.py:78: Cannot find id 908 's template
[ERROR]2024-11-19 19:23:21,896 log_parsing.py:78: Cannot find id 909 's template
[ERROR]2024-11-19 19:23:21,897 log_parsing.py:78: Cannot find id 910 's template
[ERROR]2024-11-19 19:23:21,898 log_parsing.py:78: Cannot find id 911 's template
[ERROR]2024-11-19 19:23:21,899 log_parsing.py:78: Cannot find id 912 's template
[ERROR]2024-11-19 19:23:21,900 log_parsing.py:78: Cannot find id 913 's template
[ERROR]2024-11-19 19:23:21,900 log_parsing.py:78: Cannot find id 914 's template
[ERROR]2024-11-19 19:23:21,901 log_parsing.py:78: Cannot find id 915 's template
[ERROR]2024-11-19 19:23:21,902 log_parsing.py:78: Cannot find id 916 's template
[ERROR]2024-11-19 19:23:21,903 log_parsing.py:78: Cannot find id 917 's template
[ERROR]2024-11-19 19:23:21,903 log_parsing.py:78: Cannot find id 918 's template
[ERROR]2024-11-19 19:23:21,904 log_parsing.py:78: Cannot find id 919 's template
[ERROR]2024-11-19 19:23:21,904 log_parsing.py:78: Cannot find id 920 's template
[ERROR]2024-11-19 19:23:21,905 log_parsing.py:78: Cannot find id 921 's template
[ERROR]2024-11-19 19:23:21,906 log_parsing.py:78: Cannot find id 922 's template
[ERROR]2024-11-19 19:23:21,907 log_parsing.py:78: Cannot find id 923 's template
[ERROR]2024-11-19 19:23:21,907 log_parsing.py:78: Cannot find id 924 's template
[ERROR]2024-11-19 19:23:21,908 log_parsing.py:78: Cannot find id 925 's template
[ERROR]2024-11-19 19:23:21,909 log_parsing.py:78: Cannot find id 926 's template
[ERROR]2024-11-19 19:23:21,910 log_parsing.py:78: Cannot find id 927 's template
[ERROR]2024-11-19 19:23:21,910 log_parsing.py:78: Cannot find id 928 's template
[ERROR]2024-11-19 19:23:21,911 log_parsing.py:78: Cannot find id 929 's template
[ERROR]2024-11-19 19:23:21,912 log_parsing.py:78: Cannot find id 930 's template
[ERROR]2024-11-19 19:23:21,912 log_parsing.py:78: Cannot find id 931 's template
[ERROR]2024-11-19 19:23:21,913 log_parsing.py:78: Cannot find id 932 's template
[ERROR]2024-11-19 19:23:21,914 log_parsing.py:78: Cannot find id 933 's template
[ERROR]2024-11-19 19:23:21,915 log_parsing.py:78: Cannot find id 934 's template
[ERROR]2024-11-19 19:23:21,915 log_parsing.py:78: Cannot find id 935 's template
[ERROR]2024-11-19 19:23:21,916 log_parsing.py:78: Cannot find id 936 's template
[ERROR]2024-11-19 19:23:21,917 log_parsing.py:78: Cannot find id 937 's template
[ERROR]2024-11-19 19:23:21,918 log_parsing.py:78: Cannot find id 938 's template
[ERROR]2024-11-19 19:23:21,919 log_parsing.py:78: Cannot find id 939 's template
[ERROR]2024-11-19 19:23:21,920 log_parsing.py:78: Cannot find id 940 's template
[ERROR]2024-11-19 19:23:21,920 log_parsing.py:78: Cannot find id 941 's template
[ERROR]2024-11-19 19:23:21,921 log_parsing.py:78: Cannot find id 942 's template
[ERROR]2024-11-19 19:23:21,922 log_parsing.py:78: Cannot find id 943 's template
[ERROR]2024-11-19 19:23:21,922 log_parsing.py:78: Cannot find id 944 's template
[ERROR]2024-11-19 19:23:21,923 log_parsing.py:78: Cannot find id 945 's template
[ERROR]2024-11-19 19:23:21,924 log_parsing.py:78: Cannot find id 946 's template
[ERROR]2024-11-19 19:23:21,925 log_parsing.py:78: Cannot find id 947 's template
[ERROR]2024-11-19 19:23:21,925 log_parsing.py:78: Cannot find id 948 's template
[ERROR]2024-11-19 19:23:21,927 log_parsing.py:78: Cannot find id 949 's template
[ERROR]2024-11-19 19:23:21,927 log_parsing.py:78: Cannot find id 950 's template
[ERROR]2024-11-19 19:23:21,928 log_parsing.py:78: Cannot find id 951 's template
[ERROR]2024-11-19 19:23:21,929 log_parsing.py:78: Cannot find id 952 's template
[ERROR]2024-11-19 19:23:21,930 log_parsing.py:78: Cannot find id 953 's template
[ERROR]2024-11-19 19:23:21,930 log_parsing.py:78: Cannot find id 954 's template
[ERROR]2024-11-19 19:23:21,931 log_parsing.py:78: Cannot find id 955 's template
[ERROR]2024-11-19 19:23:21,932 log_parsing.py:78: Cannot find id 956 's template
[ERROR]2024-11-19 19:23:21,933 log_parsing.py:78: Cannot find id 957 's template
[ERROR]2024-11-19 19:23:21,933 log_parsing.py:78: Cannot find id 958 's template
[ERROR]2024-11-19 19:23:21,934 log_parsing.py:78: Cannot find id 959 's template
[ERROR]2024-11-19 19:23:21,935 log_parsing.py:78: Cannot find id 960 's template
[ERROR]2024-11-19 19:23:21,935 log_parsing.py:78: Cannot find id 961 's template
[ERROR]2024-11-19 19:23:21,936 log_parsing.py:78: Cannot find id 962 's template
[ERROR]2024-11-19 19:23:21,937 log_parsing.py:78: Cannot find id 963 's template
[ERROR]2024-11-19 19:23:21,937 log_parsing.py:78: Cannot find id 964 's template
[ERROR]2024-11-19 19:23:21,938 log_parsing.py:78: Cannot find id 965 's template
[ERROR]2024-11-19 19:23:21,939 log_parsing.py:78: Cannot find id 966 's template
[ERROR]2024-11-19 19:23:21,940 log_parsing.py:78: Cannot find id 967 's template
[ERROR]2024-11-19 19:23:21,941 log_parsing.py:78: Cannot find id 968 's template
[ERROR]2024-11-19 19:23:21,942 log_parsing.py:78: Cannot find id 969 's template
[ERROR]2024-11-19 19:23:21,943 log_parsing.py:78: Cannot find id 970 's template
[ERROR]2024-11-19 19:23:21,944 log_parsing.py:78: Cannot find id 971 's template
[ERROR]2024-11-19 19:23:21,944 log_parsing.py:78: Cannot find id 972 's template
[ERROR]2024-11-19 19:23:21,945 log_parsing.py:78: Cannot find id 973 's template
[ERROR]2024-11-19 19:23:21,946 log_parsing.py:78: Cannot find id 974 's template
[ERROR]2024-11-19 19:23:21,947 log_parsing.py:78: Cannot find id 975 's template
[ERROR]2024-11-19 19:23:21,947 log_parsing.py:78: Cannot find id 976 's template
[ERROR]2024-11-19 19:23:21,948 log_parsing.py:78: Cannot find id 977 's template
[ERROR]2024-11-19 19:23:21,949 log_parsing.py:78: Cannot find id 978 's template
[ERROR]2024-11-19 19:23:21,950 log_parsing.py:78: Cannot find id 979 's template
[ERROR]2024-11-19 19:23:21,951 log_parsing.py:78: Cannot find id 980 's template
[ERROR]2024-11-19 19:23:21,951 log_parsing.py:78: Cannot find id 981 's template
[ERROR]2024-11-19 19:23:21,952 log_parsing.py:78: Cannot find id 982 's template
[ERROR]2024-11-19 19:23:21,953 log_parsing.py:78: Cannot find id 983 's template
[ERROR]2024-11-19 19:23:21,953 log_parsing.py:78: Cannot find id 984 's template
[ERROR]2024-11-19 19:23:21,954 log_parsing.py:78: Cannot find id 985 's template
[ERROR]2024-11-19 19:23:21,955 log_parsing.py:78: Cannot find id 986 's template
[ERROR]2024-11-19 19:23:21,956 log_parsing.py:78: Cannot find id 987 's template
[ERROR]2024-11-19 19:23:21,956 log_parsing.py:78: Cannot find id 988 's template
[ERROR]2024-11-19 19:23:21,957 log_parsing.py:78: Cannot find id 989 's template
[ERROR]2024-11-19 19:23:21,958 log_parsing.py:78: Cannot find id 990 's template
[ERROR]2024-11-19 19:23:21,959 log_parsing.py:78: Cannot find id 991 's template
[ERROR]2024-11-19 19:23:21,960 log_parsing.py:78: Cannot find id 992 's template
[ERROR]2024-11-19 19:23:21,961 log_parsing.py:78: Cannot find id 993 's template
[ERROR]2024-11-19 19:23:21,962 log_parsing.py:78: Cannot find id 994 's template
[ERROR]2024-11-19 19:23:21,963 log_parsing.py:78: Cannot find id 995 's template
[ERROR]2024-11-19 19:23:21,964 log_parsing.py:78: Cannot find id 996 's template
[ERROR]2024-11-19 19:23:21,964 log_parsing.py:78: Cannot find id 997 's template
[ERROR]2024-11-19 19:23:21,965 log_parsing.py:78: Cannot find id 998 's template
[ERROR]2024-11-19 19:23:21,966 log_parsing.py:78: Cannot find id 999 's template
